2025-07-21 21:52:17,708 - INFO - Using existing spaCy model 'en_core_web_sm'.
2025-07-21 21:52:18,241 - INFO - Running in TEST mode (20 samples).
2025-07-21 21:52:18,241 - INFO - Test flag is set. Skipping full dataset download. Running only 20 samples.
2025-07-21 21:52:18,241 - INFO - Starting IMDb dataset download and preparation...
2025-07-21 21:52:18,242 - INFO - Output directory structure created at project_root/data/aclImdb
2025-07-21 21:52:35,293 - INFO - IMDb dataset loaded successfully.
2025-07-21 21:52:35,304 - INFO - Split ratio set to 80/20 for training and testing.
2025-07-21 21:52:35,304 - INFO - Number of training samples: 40000
2025-07-21 21:52:35,304 - INFO - Number of testing samples: 10000
2025-07-21 21:52:47,132 - INFO - Saved train and test splits to project_root/data/aclImdb
2025-07-21 21:52:58,838 - INFO - Zipped the dataset to project_root/data/aclImdb/aclImdb.zip
2025-07-21 21:52:58,840 - INFO - Loading datasets from project_root/data/aclImdb/train and project_root/data/aclImdb/test
2025-07-21 21:52:58,840 - INFO - Loading text files from project_root/data/aclImdb/train with test_mode=True and sample_count=20
2025-07-21 21:53:04,142 - INFO - Loaded 20 samples from project_root/data/aclImdb/train
2025-07-21 21:53:04,143 - INFO - Loading text files from project_root/data/aclImdb/test with test_mode=True and sample_count=20
2025-07-21 21:53:05,587 - INFO - Loaded 20 samples from project_root/data/aclImdb/test
2025-07-21 21:53:08,485 - INFO - Saving dataset to project_root/data/cleaned_txt for split 'train'
2025-07-21 21:53:08,485 - INFO - Created directory: project_root/data/cleaned_txt/train/neg
2025-07-21 21:53:08,485 - INFO - Created directory: project_root/data/cleaned_txt/train/pos
2025-07-21 21:53:08,488 - INFO - Saved 20 files to project_root/data/cleaned_txt/train
2025-07-21 21:53:08,488 - INFO - Saving dataset to project_root/data/cleaned_txt for split 'test'
2025-07-21 21:53:08,488 - INFO - Created directory: project_root/data/cleaned_txt/test/neg
2025-07-21 21:53:08,488 - INFO - Created directory: project_root/data/cleaned_txt/test/pos
2025-07-21 21:53:08,491 - INFO - Saved 20 files to project_root/data/cleaned_txt/test
2025-07-21 21:53:08,493 - INFO - Using TF-IDF parameters: {'max_features': [50000, 400000, 300000], 'ngram_range': [(1, 2), (1, 3), (2, 3)], 'stop_words': ['english'], 'lowercase': [True], 'use_idf': [True], 'smooth_idf': [True], 'sublinear_tf': [True, False]}
2025-07-21 21:53:08,494 - INFO - Fine-tuning encoder. Generating multiple encoded datasets with different parameters.
2025-07-21 21:53:08,494 - INFO - Generated 18 combinations of parameters for fine-tuning.
2025-07-21 21:53:08,494 - INFO - Encoding dataset with parameters: {'max_features': 50000, 'ngram_range': (1, 2), 'stop_words': 'english', 'lowercase': True, 'use_idf': True, 'smooth_idf': True, 'sublinear_tf': True}
2025-07-21 21:53:08,509 - INFO - Saving encoded dataset to project_root/data/IMBD_tfidf/encoded__max_features=50000-ngram_range=1_2-stop_words=english-lowercase=True-use_idf=True-smooth_idf=True-sublinear_tf=True.joblib
2025-07-21 21:53:08,557 - INFO - Saved encoded dataset to project_root/data/IMBD_tfidf/encoded__max_features=50000-ngram_range=1_2-stop_words=english-lowercase=True-use_idf=True-smooth_idf=True-sublinear_tf=True.joblib
2025-07-21 21:53:08,558 - INFO - Encoded dataset saved to project_root/data/IMBD_tfidf/encoded__max_features=50000-ngram_range=1_2-stop_words=english-lowercase=True-use_idf=True-smooth_idf=True-sublinear_tf=True.joblib
2025-07-21 21:53:08,558 - INFO - Encoding dataset with parameters: {'max_features': 50000, 'ngram_range': (1, 2), 'stop_words': 'english', 'lowercase': True, 'use_idf': True, 'smooth_idf': True, 'sublinear_tf': False}
2025-07-21 21:53:08,568 - INFO - Saving encoded dataset to project_root/data/IMBD_tfidf/encoded__max_features=50000-ngram_range=1_2-stop_words=english-lowercase=True-use_idf=True-smooth_idf=True-sublinear_tf=False.joblib
2025-07-21 21:53:08,624 - INFO - Saved encoded dataset to project_root/data/IMBD_tfidf/encoded__max_features=50000-ngram_range=1_2-stop_words=english-lowercase=True-use_idf=True-smooth_idf=True-sublinear_tf=False.joblib
2025-07-21 21:53:08,624 - INFO - Encoded dataset saved to project_root/data/IMBD_tfidf/encoded__max_features=50000-ngram_range=1_2-stop_words=english-lowercase=True-use_idf=True-smooth_idf=True-sublinear_tf=False.joblib
2025-07-21 21:53:08,624 - INFO - Encoding dataset with parameters: {'max_features': 50000, 'ngram_range': (1, 3), 'stop_words': 'english', 'lowercase': True, 'use_idf': True, 'smooth_idf': True, 'sublinear_tf': True}
2025-07-21 21:53:08,644 - INFO - Saving encoded dataset to project_root/data/IMBD_tfidf/encoded__max_features=50000-ngram_range=1_3-stop_words=english-lowercase=True-use_idf=True-smooth_idf=True-sublinear_tf=True.joblib
2025-07-21 21:53:08,738 - INFO - Saved encoded dataset to project_root/data/IMBD_tfidf/encoded__max_features=50000-ngram_range=1_3-stop_words=english-lowercase=True-use_idf=True-smooth_idf=True-sublinear_tf=True.joblib
2025-07-21 21:53:08,738 - INFO - Encoded dataset saved to project_root/data/IMBD_tfidf/encoded__max_features=50000-ngram_range=1_3-stop_words=english-lowercase=True-use_idf=True-smooth_idf=True-sublinear_tf=True.joblib
2025-07-21 21:53:08,738 - INFO - Encoding dataset with parameters: {'max_features': 50000, 'ngram_range': (1, 3), 'stop_words': 'english', 'lowercase': True, 'use_idf': True, 'smooth_idf': True, 'sublinear_tf': False}
2025-07-21 21:53:08,756 - INFO - Saving encoded dataset to project_root/data/IMBD_tfidf/encoded__max_features=50000-ngram_range=1_3-stop_words=english-lowercase=True-use_idf=True-smooth_idf=True-sublinear_tf=False.joblib
2025-07-21 21:53:08,841 - INFO - Saved encoded dataset to project_root/data/IMBD_tfidf/encoded__max_features=50000-ngram_range=1_3-stop_words=english-lowercase=True-use_idf=True-smooth_idf=True-sublinear_tf=False.joblib
2025-07-21 21:53:08,841 - INFO - Encoded dataset saved to project_root/data/IMBD_tfidf/encoded__max_features=50000-ngram_range=1_3-stop_words=english-lowercase=True-use_idf=True-smooth_idf=True-sublinear_tf=False.joblib
2025-07-21 21:53:08,841 - INFO - Encoding dataset with parameters: {'max_features': 50000, 'ngram_range': (2, 3), 'stop_words': 'english', 'lowercase': True, 'use_idf': True, 'smooth_idf': True, 'sublinear_tf': True}
2025-07-21 21:53:08,853 - INFO - Saving encoded dataset to project_root/data/IMBD_tfidf/encoded__max_features=50000-ngram_range=2_3-stop_words=english-lowercase=True-use_idf=True-smooth_idf=True-sublinear_tf=True.joblib
2025-07-21 21:53:08,913 - INFO - Saved encoded dataset to project_root/data/IMBD_tfidf/encoded__max_features=50000-ngram_range=2_3-stop_words=english-lowercase=True-use_idf=True-smooth_idf=True-sublinear_tf=True.joblib
2025-07-21 21:53:08,913 - INFO - Encoded dataset saved to project_root/data/IMBD_tfidf/encoded__max_features=50000-ngram_range=2_3-stop_words=english-lowercase=True-use_idf=True-smooth_idf=True-sublinear_tf=True.joblib
2025-07-21 21:53:08,913 - INFO - Encoding dataset with parameters: {'max_features': 50000, 'ngram_range': (2, 3), 'stop_words': 'english', 'lowercase': True, 'use_idf': True, 'smooth_idf': True, 'sublinear_tf': False}
2025-07-21 21:53:08,925 - INFO - Saving encoded dataset to project_root/data/IMBD_tfidf/encoded__max_features=50000-ngram_range=2_3-stop_words=english-lowercase=True-use_idf=True-smooth_idf=True-sublinear_tf=False.joblib
2025-07-21 21:53:08,985 - INFO - Saved encoded dataset to project_root/data/IMBD_tfidf/encoded__max_features=50000-ngram_range=2_3-stop_words=english-lowercase=True-use_idf=True-smooth_idf=True-sublinear_tf=False.joblib
2025-07-21 21:53:08,985 - INFO - Encoded dataset saved to project_root/data/IMBD_tfidf/encoded__max_features=50000-ngram_range=2_3-stop_words=english-lowercase=True-use_idf=True-smooth_idf=True-sublinear_tf=False.joblib
2025-07-21 21:53:08,985 - INFO - Encoding dataset with parameters: {'max_features': 400000, 'ngram_range': (1, 2), 'stop_words': 'english', 'lowercase': True, 'use_idf': True, 'smooth_idf': True, 'sublinear_tf': True}
2025-07-21 21:53:08,996 - INFO - Saving encoded dataset to project_root/data/IMBD_tfidf/encoded__max_features=400000-ngram_range=1_2-stop_words=english-lowercase=True-use_idf=True-smooth_idf=True-sublinear_tf=True.joblib
2025-07-21 21:53:09,043 - INFO - Saved encoded dataset to project_root/data/IMBD_tfidf/encoded__max_features=400000-ngram_range=1_2-stop_words=english-lowercase=True-use_idf=True-smooth_idf=True-sublinear_tf=True.joblib
2025-07-21 21:53:09,043 - INFO - Encoded dataset saved to project_root/data/IMBD_tfidf/encoded__max_features=400000-ngram_range=1_2-stop_words=english-lowercase=True-use_idf=True-smooth_idf=True-sublinear_tf=True.joblib
2025-07-21 21:53:09,043 - INFO - Encoding dataset with parameters: {'max_features': 400000, 'ngram_range': (1, 2), 'stop_words': 'english', 'lowercase': True, 'use_idf': True, 'smooth_idf': True, 'sublinear_tf': False}
2025-07-21 21:53:09,054 - INFO - Saving encoded dataset to project_root/data/IMBD_tfidf/encoded__max_features=400000-ngram_range=1_2-stop_words=english-lowercase=True-use_idf=True-smooth_idf=True-sublinear_tf=False.joblib
2025-07-21 21:53:09,101 - INFO - Saved encoded dataset to project_root/data/IMBD_tfidf/encoded__max_features=400000-ngram_range=1_2-stop_words=english-lowercase=True-use_idf=True-smooth_idf=True-sublinear_tf=False.joblib
2025-07-21 21:53:09,101 - INFO - Encoded dataset saved to project_root/data/IMBD_tfidf/encoded__max_features=400000-ngram_range=1_2-stop_words=english-lowercase=True-use_idf=True-smooth_idf=True-sublinear_tf=False.joblib
2025-07-21 21:53:09,102 - INFO - Encoding dataset with parameters: {'max_features': 400000, 'ngram_range': (1, 3), 'stop_words': 'english', 'lowercase': True, 'use_idf': True, 'smooth_idf': True, 'sublinear_tf': True}
2025-07-21 21:53:09,116 - INFO - Saving encoded dataset to project_root/data/IMBD_tfidf/encoded__max_features=400000-ngram_range=1_3-stop_words=english-lowercase=True-use_idf=True-smooth_idf=True-sublinear_tf=True.joblib
2025-07-21 21:53:09,193 - INFO - Saved encoded dataset to project_root/data/IMBD_tfidf/encoded__max_features=400000-ngram_range=1_3-stop_words=english-lowercase=True-use_idf=True-smooth_idf=True-sublinear_tf=True.joblib
2025-07-21 21:53:09,193 - INFO - Encoded dataset saved to project_root/data/IMBD_tfidf/encoded__max_features=400000-ngram_range=1_3-stop_words=english-lowercase=True-use_idf=True-smooth_idf=True-sublinear_tf=True.joblib
2025-07-21 21:53:09,193 - INFO - Encoding dataset with parameters: {'max_features': 400000, 'ngram_range': (1, 3), 'stop_words': 'english', 'lowercase': True, 'use_idf': True, 'smooth_idf': True, 'sublinear_tf': False}
2025-07-21 21:53:09,208 - INFO - Saving encoded dataset to project_root/data/IMBD_tfidf/encoded__max_features=400000-ngram_range=1_3-stop_words=english-lowercase=True-use_idf=True-smooth_idf=True-sublinear_tf=False.joblib
2025-07-21 21:53:09,284 - INFO - Saved encoded dataset to project_root/data/IMBD_tfidf/encoded__max_features=400000-ngram_range=1_3-stop_words=english-lowercase=True-use_idf=True-smooth_idf=True-sublinear_tf=False.joblib
2025-07-21 21:53:09,285 - INFO - Encoded dataset saved to project_root/data/IMBD_tfidf/encoded__max_features=400000-ngram_range=1_3-stop_words=english-lowercase=True-use_idf=True-smooth_idf=True-sublinear_tf=False.joblib
2025-07-21 21:53:09,285 - INFO - Encoding dataset with parameters: {'max_features': 400000, 'ngram_range': (2, 3), 'stop_words': 'english', 'lowercase': True, 'use_idf': True, 'smooth_idf': True, 'sublinear_tf': True}
2025-07-21 21:53:09,297 - INFO - Saving encoded dataset to project_root/data/IMBD_tfidf/encoded__max_features=400000-ngram_range=2_3-stop_words=english-lowercase=True-use_idf=True-smooth_idf=True-sublinear_tf=True.joblib
2025-07-21 21:53:09,357 - INFO - Saved encoded dataset to project_root/data/IMBD_tfidf/encoded__max_features=400000-ngram_range=2_3-stop_words=english-lowercase=True-use_idf=True-smooth_idf=True-sublinear_tf=True.joblib
2025-07-21 21:53:09,357 - INFO - Encoded dataset saved to project_root/data/IMBD_tfidf/encoded__max_features=400000-ngram_range=2_3-stop_words=english-lowercase=True-use_idf=True-smooth_idf=True-sublinear_tf=True.joblib
2025-07-21 21:53:09,357 - INFO - Encoding dataset with parameters: {'max_features': 400000, 'ngram_range': (2, 3), 'stop_words': 'english', 'lowercase': True, 'use_idf': True, 'smooth_idf': True, 'sublinear_tf': False}
2025-07-21 21:53:09,369 - INFO - Saving encoded dataset to project_root/data/IMBD_tfidf/encoded__max_features=400000-ngram_range=2_3-stop_words=english-lowercase=True-use_idf=True-smooth_idf=True-sublinear_tf=False.joblib
2025-07-21 21:53:09,429 - INFO - Saved encoded dataset to project_root/data/IMBD_tfidf/encoded__max_features=400000-ngram_range=2_3-stop_words=english-lowercase=True-use_idf=True-smooth_idf=True-sublinear_tf=False.joblib
2025-07-21 21:53:09,429 - INFO - Encoded dataset saved to project_root/data/IMBD_tfidf/encoded__max_features=400000-ngram_range=2_3-stop_words=english-lowercase=True-use_idf=True-smooth_idf=True-sublinear_tf=False.joblib
2025-07-21 21:53:09,429 - INFO - Encoding dataset with parameters: {'max_features': 300000, 'ngram_range': (1, 2), 'stop_words': 'english', 'lowercase': True, 'use_idf': True, 'smooth_idf': True, 'sublinear_tf': True}
2025-07-21 21:53:09,440 - INFO - Saving encoded dataset to project_root/data/IMBD_tfidf/encoded__max_features=300000-ngram_range=1_2-stop_words=english-lowercase=True-use_idf=True-smooth_idf=True-sublinear_tf=True.joblib
2025-07-21 21:53:09,487 - INFO - Saved encoded dataset to project_root/data/IMBD_tfidf/encoded__max_features=300000-ngram_range=1_2-stop_words=english-lowercase=True-use_idf=True-smooth_idf=True-sublinear_tf=True.joblib
2025-07-21 21:53:09,487 - INFO - Encoded dataset saved to project_root/data/IMBD_tfidf/encoded__max_features=300000-ngram_range=1_2-stop_words=english-lowercase=True-use_idf=True-smooth_idf=True-sublinear_tf=True.joblib
2025-07-21 21:53:09,488 - INFO - Encoding dataset with parameters: {'max_features': 300000, 'ngram_range': (1, 2), 'stop_words': 'english', 'lowercase': True, 'use_idf': True, 'smooth_idf': True, 'sublinear_tf': False}
2025-07-21 21:53:09,498 - INFO - Saving encoded dataset to project_root/data/IMBD_tfidf/encoded__max_features=300000-ngram_range=1_2-stop_words=english-lowercase=True-use_idf=True-smooth_idf=True-sublinear_tf=False.joblib
2025-07-21 21:53:09,545 - INFO - Saved encoded dataset to project_root/data/IMBD_tfidf/encoded__max_features=300000-ngram_range=1_2-stop_words=english-lowercase=True-use_idf=True-smooth_idf=True-sublinear_tf=False.joblib
2025-07-21 21:53:09,545 - INFO - Encoded dataset saved to project_root/data/IMBD_tfidf/encoded__max_features=300000-ngram_range=1_2-stop_words=english-lowercase=True-use_idf=True-smooth_idf=True-sublinear_tf=False.joblib
2025-07-21 21:53:09,546 - INFO - Encoding dataset with parameters: {'max_features': 300000, 'ngram_range': (1, 3), 'stop_words': 'english', 'lowercase': True, 'use_idf': True, 'smooth_idf': True, 'sublinear_tf': True}
2025-07-21 21:53:09,560 - INFO - Saving encoded dataset to project_root/data/IMBD_tfidf/encoded__max_features=300000-ngram_range=1_3-stop_words=english-lowercase=True-use_idf=True-smooth_idf=True-sublinear_tf=True.joblib
2025-07-21 21:53:09,637 - INFO - Saved encoded dataset to project_root/data/IMBD_tfidf/encoded__max_features=300000-ngram_range=1_3-stop_words=english-lowercase=True-use_idf=True-smooth_idf=True-sublinear_tf=True.joblib
2025-07-21 21:53:09,637 - INFO - Encoded dataset saved to project_root/data/IMBD_tfidf/encoded__max_features=300000-ngram_range=1_3-stop_words=english-lowercase=True-use_idf=True-smooth_idf=True-sublinear_tf=True.joblib
2025-07-21 21:53:09,637 - INFO - Encoding dataset with parameters: {'max_features': 300000, 'ngram_range': (1, 3), 'stop_words': 'english', 'lowercase': True, 'use_idf': True, 'smooth_idf': True, 'sublinear_tf': False}
2025-07-21 21:53:09,652 - INFO - Saving encoded dataset to project_root/data/IMBD_tfidf/encoded__max_features=300000-ngram_range=1_3-stop_words=english-lowercase=True-use_idf=True-smooth_idf=True-sublinear_tf=False.joblib
2025-07-21 21:53:09,729 - INFO - Saved encoded dataset to project_root/data/IMBD_tfidf/encoded__max_features=300000-ngram_range=1_3-stop_words=english-lowercase=True-use_idf=True-smooth_idf=True-sublinear_tf=False.joblib
2025-07-21 21:53:09,729 - INFO - Encoded dataset saved to project_root/data/IMBD_tfidf/encoded__max_features=300000-ngram_range=1_3-stop_words=english-lowercase=True-use_idf=True-smooth_idf=True-sublinear_tf=False.joblib
2025-07-21 21:53:09,729 - INFO - Encoding dataset with parameters: {'max_features': 300000, 'ngram_range': (2, 3), 'stop_words': 'english', 'lowercase': True, 'use_idf': True, 'smooth_idf': True, 'sublinear_tf': True}
2025-07-21 21:53:09,741 - INFO - Saving encoded dataset to project_root/data/IMBD_tfidf/encoded__max_features=300000-ngram_range=2_3-stop_words=english-lowercase=True-use_idf=True-smooth_idf=True-sublinear_tf=True.joblib
2025-07-21 21:53:09,801 - INFO - Saved encoded dataset to project_root/data/IMBD_tfidf/encoded__max_features=300000-ngram_range=2_3-stop_words=english-lowercase=True-use_idf=True-smooth_idf=True-sublinear_tf=True.joblib
2025-07-21 21:53:09,801 - INFO - Encoded dataset saved to project_root/data/IMBD_tfidf/encoded__max_features=300000-ngram_range=2_3-stop_words=english-lowercase=True-use_idf=True-smooth_idf=True-sublinear_tf=True.joblib
2025-07-21 21:53:09,802 - INFO - Encoding dataset with parameters: {'max_features': 300000, 'ngram_range': (2, 3), 'stop_words': 'english', 'lowercase': True, 'use_idf': True, 'smooth_idf': True, 'sublinear_tf': False}
2025-07-21 21:53:09,813 - INFO - Saving encoded dataset to project_root/data/IMBD_tfidf/encoded__max_features=300000-ngram_range=2_3-stop_words=english-lowercase=True-use_idf=True-smooth_idf=True-sublinear_tf=False.joblib
2025-07-21 21:53:09,873 - INFO - Saved encoded dataset to project_root/data/IMBD_tfidf/encoded__max_features=300000-ngram_range=2_3-stop_words=english-lowercase=True-use_idf=True-smooth_idf=True-sublinear_tf=False.joblib
2025-07-21 21:53:09,874 - INFO - Encoded dataset saved to project_root/data/IMBD_tfidf/encoded__max_features=300000-ngram_range=2_3-stop_words=english-lowercase=True-use_idf=True-smooth_idf=True-sublinear_tf=False.joblib
2025-07-21 21:53:09,874 - INFO - Fine-tuning encoder. Saving only the best model.
2025-07-21 21:53:09,874 - INFO - Training SVM model with params: {'max_features': 50000, 'ngram_range': (1, 2), 'stop_words': 'english', 'lowercase': True, 'use_idf': True, 'smooth_idf': True, 'sublinear_tf': True}
2025-07-21 21:53:09,874 - INFO - Starting SVM model training...
2025-07-21 21:53:09,874 - INFO - Initialized LinearSVC model.
2025-07-21 21:53:09,874 - INFO - Using parameter grid for Grid Search: {'C': [0.5, 1, 2], 'tol': [1e-05, 0.0001, 0.001], 'max_iter': [1000, 2000, 3000, 4000], 'class_weight': [None, 'balanced']}
2025-07-21 21:53:12,005 - INFO - Best parameters found: {'C': 0.5, 'class_weight': None, 'max_iter': 1000, 'tol': 1e-05}
2025-07-21 21:53:12,010 - INFO - Classification Report:
              precision    recall  f1-score   support

         neg       0.67      1.00      0.80        12
         pos       1.00      0.25      0.40         8

    accuracy                           0.70        20
   macro avg       0.83      0.62      0.60        20
weighted avg       0.80      0.70      0.64        20

2025-07-21 21:53:12,011 - INFO - Training SVM model with params: {'max_features': 50000, 'ngram_range': (1, 2), 'stop_words': 'english', 'lowercase': True, 'use_idf': True, 'smooth_idf': True, 'sublinear_tf': False}
2025-07-21 21:53:12,011 - INFO - Starting SVM model training...
2025-07-21 21:53:12,011 - INFO - Initialized LinearSVC model.
2025-07-21 21:53:12,012 - INFO - Using parameter grid for Grid Search: {'C': [0.5, 1, 2], 'tol': [1e-05, 0.0001, 0.001], 'max_iter': [1000, 2000, 3000, 4000], 'class_weight': [None, 'balanced']}
2025-07-21 21:53:12,109 - INFO - Best parameters found: {'C': 0.5, 'class_weight': 'balanced', 'max_iter': 1000, 'tol': 1e-05}
2025-07-21 21:53:12,113 - INFO - Classification Report:
              precision    recall  f1-score   support

         neg       0.71      0.83      0.77        12
         pos       0.67      0.50      0.57         8

    accuracy                           0.70        20
   macro avg       0.69      0.67      0.67        20
weighted avg       0.70      0.70      0.69        20

2025-07-21 21:53:12,114 - INFO - Training SVM model with params: {'max_features': 50000, 'ngram_range': (1, 3), 'stop_words': 'english', 'lowercase': True, 'use_idf': True, 'smooth_idf': True, 'sublinear_tf': True}
2025-07-21 21:53:12,114 - INFO - Starting SVM model training...
2025-07-21 21:53:12,114 - INFO - Initialized LinearSVC model.
2025-07-21 21:53:12,114 - INFO - Using parameter grid for Grid Search: {'C': [0.5, 1, 2], 'tol': [1e-05, 0.0001, 0.001], 'max_iter': [1000, 2000, 3000, 4000], 'class_weight': [None, 'balanced']}
2025-07-21 21:53:12,227 - INFO - Best parameters found: {'C': 0.5, 'class_weight': None, 'max_iter': 1000, 'tol': 1e-05}
2025-07-21 21:53:12,231 - INFO - Classification Report:
              precision    recall  f1-score   support

         neg       0.63      1.00      0.77        12
         pos       1.00      0.12      0.22         8

    accuracy                           0.65        20
   macro avg       0.82      0.56      0.50        20
weighted avg       0.78      0.65      0.55        20

2025-07-21 21:53:12,232 - INFO - Training SVM model with params: {'max_features': 50000, 'ngram_range': (1, 3), 'stop_words': 'english', 'lowercase': True, 'use_idf': True, 'smooth_idf': True, 'sublinear_tf': False}
2025-07-21 21:53:12,232 - INFO - Starting SVM model training...
2025-07-21 21:53:12,232 - INFO - Initialized LinearSVC model.
2025-07-21 21:53:12,232 - INFO - Using parameter grid for Grid Search: {'C': [0.5, 1, 2], 'tol': [1e-05, 0.0001, 0.001], 'max_iter': [1000, 2000, 3000, 4000], 'class_weight': [None, 'balanced']}
2025-07-21 21:53:12,337 - INFO - Best parameters found: {'C': 0.5, 'class_weight': None, 'max_iter': 1000, 'tol': 1e-05}
2025-07-21 21:53:12,341 - INFO - Classification Report:
              precision    recall  f1-score   support

         neg       0.63      1.00      0.77        12
         pos       1.00      0.12      0.22         8

    accuracy                           0.65        20
   macro avg       0.82      0.56      0.50        20
weighted avg       0.78      0.65      0.55        20

2025-07-21 21:53:12,342 - INFO - Training SVM model with params: {'max_features': 50000, 'ngram_range': (2, 3), 'stop_words': 'english', 'lowercase': True, 'use_idf': True, 'smooth_idf': True, 'sublinear_tf': True}
2025-07-21 21:53:12,342 - INFO - Starting SVM model training...
2025-07-21 21:53:12,342 - INFO - Initialized LinearSVC model.
2025-07-21 21:53:12,342 - INFO - Using parameter grid for Grid Search: {'C': [0.5, 1, 2], 'tol': [1e-05, 0.0001, 0.001], 'max_iter': [1000, 2000, 3000, 4000], 'class_weight': [None, 'balanced']}
2025-07-21 21:53:12,439 - INFO - Best parameters found: {'C': 0.5, 'class_weight': None, 'max_iter': 1000, 'tol': 1e-05}
2025-07-21 21:53:12,443 - INFO - Classification Report:
              precision    recall  f1-score   support

         neg       0.65      0.92      0.76        12
         pos       0.67      0.25      0.36         8

    accuracy                           0.65        20
   macro avg       0.66      0.58      0.56        20
weighted avg       0.65      0.65      0.60        20

2025-07-21 21:53:12,444 - INFO - Training SVM model with params: {'max_features': 50000, 'ngram_range': (2, 3), 'stop_words': 'english', 'lowercase': True, 'use_idf': True, 'smooth_idf': True, 'sublinear_tf': False}
2025-07-21 21:53:12,444 - INFO - Starting SVM model training...
2025-07-21 21:53:12,444 - INFO - Initialized LinearSVC model.
2025-07-21 21:53:12,444 - INFO - Using parameter grid for Grid Search: {'C': [0.5, 1, 2], 'tol': [1e-05, 0.0001, 0.001], 'max_iter': [1000, 2000, 3000, 4000], 'class_weight': [None, 'balanced']}
2025-07-21 21:53:12,550 - INFO - Best parameters found: {'C': 0.5, 'class_weight': None, 'max_iter': 1000, 'tol': 1e-05}
2025-07-21 21:53:12,554 - INFO - Classification Report:
              precision    recall  f1-score   support

         neg       0.65      0.92      0.76        12
         pos       0.67      0.25      0.36         8

    accuracy                           0.65        20
   macro avg       0.66      0.58      0.56        20
weighted avg       0.65      0.65      0.60        20

2025-07-21 21:53:12,554 - INFO - Training SVM model with params: {'max_features': 400000, 'ngram_range': (1, 2), 'stop_words': 'english', 'lowercase': True, 'use_idf': True, 'smooth_idf': True, 'sublinear_tf': True}
2025-07-21 21:53:12,554 - INFO - Starting SVM model training...
2025-07-21 21:53:12,554 - INFO - Initialized LinearSVC model.
2025-07-21 21:53:12,554 - INFO - Using parameter grid for Grid Search: {'C': [0.5, 1, 2], 'tol': [1e-05, 0.0001, 0.001], 'max_iter': [1000, 2000, 3000, 4000], 'class_weight': [None, 'balanced']}
2025-07-21 21:53:12,651 - INFO - Best parameters found: {'C': 0.5, 'class_weight': None, 'max_iter': 1000, 'tol': 1e-05}
2025-07-21 21:53:12,654 - INFO - Classification Report:
              precision    recall  f1-score   support

         neg       0.67      1.00      0.80        12
         pos       1.00      0.25      0.40         8

    accuracy                           0.70        20
   macro avg       0.83      0.62      0.60        20
weighted avg       0.80      0.70      0.64        20

2025-07-21 21:53:12,655 - INFO - Training SVM model with params: {'max_features': 400000, 'ngram_range': (1, 2), 'stop_words': 'english', 'lowercase': True, 'use_idf': True, 'smooth_idf': True, 'sublinear_tf': False}
2025-07-21 21:53:12,655 - INFO - Starting SVM model training...
2025-07-21 21:53:12,655 - INFO - Initialized LinearSVC model.
2025-07-21 21:53:12,655 - INFO - Using parameter grid for Grid Search: {'C': [0.5, 1, 2], 'tol': [1e-05, 0.0001, 0.001], 'max_iter': [1000, 2000, 3000, 4000], 'class_weight': [None, 'balanced']}
2025-07-21 21:53:12,755 - INFO - Best parameters found: {'C': 0.5, 'class_weight': 'balanced', 'max_iter': 1000, 'tol': 1e-05}
2025-07-21 21:53:12,759 - INFO - Classification Report:
              precision    recall  f1-score   support

         neg       0.71      0.83      0.77        12
         pos       0.67      0.50      0.57         8

    accuracy                           0.70        20
   macro avg       0.69      0.67      0.67        20
weighted avg       0.70      0.70      0.69        20

2025-07-21 21:53:12,759 - INFO - Training SVM model with params: {'max_features': 400000, 'ngram_range': (1, 3), 'stop_words': 'english', 'lowercase': True, 'use_idf': True, 'smooth_idf': True, 'sublinear_tf': True}
2025-07-21 21:53:12,759 - INFO - Starting SVM model training...
2025-07-21 21:53:12,760 - INFO - Initialized LinearSVC model.
2025-07-21 21:53:12,760 - INFO - Using parameter grid for Grid Search: {'C': [0.5, 1, 2], 'tol': [1e-05, 0.0001, 0.001], 'max_iter': [1000, 2000, 3000, 4000], 'class_weight': [None, 'balanced']}
2025-07-21 21:53:12,871 - INFO - Best parameters found: {'C': 0.5, 'class_weight': None, 'max_iter': 1000, 'tol': 1e-05}
2025-07-21 21:53:12,875 - INFO - Classification Report:
              precision    recall  f1-score   support

         neg       0.63      1.00      0.77        12
         pos       1.00      0.12      0.22         8

    accuracy                           0.65        20
   macro avg       0.82      0.56      0.50        20
weighted avg       0.78      0.65      0.55        20

2025-07-21 21:53:12,875 - INFO - Training SVM model with params: {'max_features': 400000, 'ngram_range': (1, 3), 'stop_words': 'english', 'lowercase': True, 'use_idf': True, 'smooth_idf': True, 'sublinear_tf': False}
2025-07-21 21:53:12,875 - INFO - Starting SVM model training...
2025-07-21 21:53:12,875 - INFO - Initialized LinearSVC model.
2025-07-21 21:53:12,875 - INFO - Using parameter grid for Grid Search: {'C': [0.5, 1, 2], 'tol': [1e-05, 0.0001, 0.001], 'max_iter': [1000, 2000, 3000, 4000], 'class_weight': [None, 'balanced']}
2025-07-21 21:53:13,020 - INFO - Best parameters found: {'C': 0.5, 'class_weight': None, 'max_iter': 1000, 'tol': 1e-05}
2025-07-21 21:53:13,023 - INFO - Classification Report:
              precision    recall  f1-score   support

         neg       0.63      1.00      0.77        12
         pos       1.00      0.12      0.22         8

    accuracy                           0.65        20
   macro avg       0.82      0.56      0.50        20
weighted avg       0.78      0.65      0.55        20

2025-07-21 21:53:13,024 - INFO - Training SVM model with params: {'max_features': 400000, 'ngram_range': (2, 3), 'stop_words': 'english', 'lowercase': True, 'use_idf': True, 'smooth_idf': True, 'sublinear_tf': True}
2025-07-21 21:53:13,024 - INFO - Starting SVM model training...
2025-07-21 21:53:13,024 - INFO - Initialized LinearSVC model.
2025-07-21 21:53:13,024 - INFO - Using parameter grid for Grid Search: {'C': [0.5, 1, 2], 'tol': [1e-05, 0.0001, 0.001], 'max_iter': [1000, 2000, 3000, 4000], 'class_weight': [None, 'balanced']}
2025-07-21 21:53:13,129 - INFO - Best parameters found: {'C': 0.5, 'class_weight': None, 'max_iter': 1000, 'tol': 1e-05}
2025-07-21 21:53:13,133 - INFO - Classification Report:
              precision    recall  f1-score   support

         neg       0.65      0.92      0.76        12
         pos       0.67      0.25      0.36         8

    accuracy                           0.65        20
   macro avg       0.66      0.58      0.56        20
weighted avg       0.65      0.65      0.60        20

2025-07-21 21:53:13,133 - INFO - Training SVM model with params: {'max_features': 400000, 'ngram_range': (2, 3), 'stop_words': 'english', 'lowercase': True, 'use_idf': True, 'smooth_idf': True, 'sublinear_tf': False}
2025-07-21 21:53:13,133 - INFO - Starting SVM model training...
2025-07-21 21:53:13,133 - INFO - Initialized LinearSVC model.
2025-07-21 21:53:13,133 - INFO - Using parameter grid for Grid Search: {'C': [0.5, 1, 2], 'tol': [1e-05, 0.0001, 0.001], 'max_iter': [1000, 2000, 3000, 4000], 'class_weight': [None, 'balanced']}
2025-07-21 21:53:13,228 - INFO - Best parameters found: {'C': 0.5, 'class_weight': None, 'max_iter': 1000, 'tol': 1e-05}
2025-07-21 21:53:13,231 - INFO - Classification Report:
              precision    recall  f1-score   support

         neg       0.65      0.92      0.76        12
         pos       0.67      0.25      0.36         8

    accuracy                           0.65        20
   macro avg       0.66      0.58      0.56        20
weighted avg       0.65      0.65      0.60        20

2025-07-21 21:53:13,232 - INFO - Training SVM model with params: {'max_features': 300000, 'ngram_range': (1, 2), 'stop_words': 'english', 'lowercase': True, 'use_idf': True, 'smooth_idf': True, 'sublinear_tf': True}
2025-07-21 21:53:13,232 - INFO - Starting SVM model training...
2025-07-21 21:53:13,232 - INFO - Initialized LinearSVC model.
2025-07-21 21:53:13,232 - INFO - Using parameter grid for Grid Search: {'C': [0.5, 1, 2], 'tol': [1e-05, 0.0001, 0.001], 'max_iter': [1000, 2000, 3000, 4000], 'class_weight': [None, 'balanced']}
2025-07-21 21:53:13,325 - INFO - Best parameters found: {'C': 0.5, 'class_weight': None, 'max_iter': 1000, 'tol': 1e-05}
2025-07-21 21:53:13,329 - INFO - Classification Report:
              precision    recall  f1-score   support

         neg       0.67      1.00      0.80        12
         pos       1.00      0.25      0.40         8

    accuracy                           0.70        20
   macro avg       0.83      0.62      0.60        20
weighted avg       0.80      0.70      0.64        20

2025-07-21 21:53:13,329 - INFO - Training SVM model with params: {'max_features': 300000, 'ngram_range': (1, 2), 'stop_words': 'english', 'lowercase': True, 'use_idf': True, 'smooth_idf': True, 'sublinear_tf': False}
2025-07-21 21:53:13,329 - INFO - Starting SVM model training...
2025-07-21 21:53:13,329 - INFO - Initialized LinearSVC model.
2025-07-21 21:53:13,329 - INFO - Using parameter grid for Grid Search: {'C': [0.5, 1, 2], 'tol': [1e-05, 0.0001, 0.001], 'max_iter': [1000, 2000, 3000, 4000], 'class_weight': [None, 'balanced']}
2025-07-21 21:53:13,429 - INFO - Best parameters found: {'C': 0.5, 'class_weight': 'balanced', 'max_iter': 1000, 'tol': 1e-05}
2025-07-21 21:53:13,433 - INFO - Classification Report:
              precision    recall  f1-score   support

         neg       0.71      0.83      0.77        12
         pos       0.67      0.50      0.57         8

    accuracy                           0.70        20
   macro avg       0.69      0.67      0.67        20
weighted avg       0.70      0.70      0.69        20

2025-07-21 21:53:13,433 - INFO - Training SVM model with params: {'max_features': 300000, 'ngram_range': (1, 3), 'stop_words': 'english', 'lowercase': True, 'use_idf': True, 'smooth_idf': True, 'sublinear_tf': True}
2025-07-21 21:53:13,433 - INFO - Starting SVM model training...
2025-07-21 21:53:13,433 - INFO - Initialized LinearSVC model.
2025-07-21 21:53:13,434 - INFO - Using parameter grid for Grid Search: {'C': [0.5, 1, 2], 'tol': [1e-05, 0.0001, 0.001], 'max_iter': [1000, 2000, 3000, 4000], 'class_weight': [None, 'balanced']}
2025-07-21 21:53:13,538 - INFO - Best parameters found: {'C': 0.5, 'class_weight': None, 'max_iter': 1000, 'tol': 1e-05}
2025-07-21 21:53:13,542 - INFO - Classification Report:
              precision    recall  f1-score   support

         neg       0.63      1.00      0.77        12
         pos       1.00      0.12      0.22         8

    accuracy                           0.65        20
   macro avg       0.82      0.56      0.50        20
weighted avg       0.78      0.65      0.55        20

2025-07-21 21:53:13,543 - INFO - Training SVM model with params: {'max_features': 300000, 'ngram_range': (1, 3), 'stop_words': 'english', 'lowercase': True, 'use_idf': True, 'smooth_idf': True, 'sublinear_tf': False}
2025-07-21 21:53:13,543 - INFO - Starting SVM model training...
2025-07-21 21:53:13,543 - INFO - Initialized LinearSVC model.
2025-07-21 21:53:13,543 - INFO - Using parameter grid for Grid Search: {'C': [0.5, 1, 2], 'tol': [1e-05, 0.0001, 0.001], 'max_iter': [1000, 2000, 3000, 4000], 'class_weight': [None, 'balanced']}
2025-07-21 21:53:13,653 - INFO - Best parameters found: {'C': 0.5, 'class_weight': None, 'max_iter': 1000, 'tol': 1e-05}
2025-07-21 21:53:13,657 - INFO - Classification Report:
              precision    recall  f1-score   support

         neg       0.63      1.00      0.77        12
         pos       1.00      0.12      0.22         8

    accuracy                           0.65        20
   macro avg       0.82      0.56      0.50        20
weighted avg       0.78      0.65      0.55        20

2025-07-21 21:53:13,657 - INFO - Training SVM model with params: {'max_features': 300000, 'ngram_range': (2, 3), 'stop_words': 'english', 'lowercase': True, 'use_idf': True, 'smooth_idf': True, 'sublinear_tf': True}
2025-07-21 21:53:13,657 - INFO - Starting SVM model training...
2025-07-21 21:53:13,657 - INFO - Initialized LinearSVC model.
2025-07-21 21:53:13,658 - INFO - Using parameter grid for Grid Search: {'C': [0.5, 1, 2], 'tol': [1e-05, 0.0001, 0.001], 'max_iter': [1000, 2000, 3000, 4000], 'class_weight': [None, 'balanced']}
2025-07-21 21:53:13,755 - INFO - Best parameters found: {'C': 0.5, 'class_weight': None, 'max_iter': 1000, 'tol': 1e-05}
2025-07-21 21:53:13,759 - INFO - Classification Report:
              precision    recall  f1-score   support

         neg       0.65      0.92      0.76        12
         pos       0.67      0.25      0.36         8

    accuracy                           0.65        20
   macro avg       0.66      0.58      0.56        20
weighted avg       0.65      0.65      0.60        20

2025-07-21 21:53:13,759 - INFO - Training SVM model with params: {'max_features': 300000, 'ngram_range': (2, 3), 'stop_words': 'english', 'lowercase': True, 'use_idf': True, 'smooth_idf': True, 'sublinear_tf': False}
2025-07-21 21:53:13,760 - INFO - Starting SVM model training...
2025-07-21 21:53:13,760 - INFO - Initialized LinearSVC model.
2025-07-21 21:53:13,760 - INFO - Using parameter grid for Grid Search: {'C': [0.5, 1, 2], 'tol': [1e-05, 0.0001, 0.001], 'max_iter': [1000, 2000, 3000, 4000], 'class_weight': [None, 'balanced']}
2025-07-21 21:53:13,858 - INFO - Best parameters found: {'C': 0.5, 'class_weight': None, 'max_iter': 1000, 'tol': 1e-05}
2025-07-21 21:53:13,862 - INFO - Classification Report:
              precision    recall  f1-score   support

         neg       0.65      0.92      0.76        12
         pos       0.67      0.25      0.36         8

    accuracy                           0.65        20
   macro avg       0.66      0.58      0.56        20
weighted avg       0.65      0.65      0.60        20

2025-07-21 21:53:13,862 - INFO - Saving SVM model to project_root/models/svm__max_features=50000-ngram_range=1_2-stop_words=english-lowercase=True-use_idf=True-smooth_idf=True-sublinear_tf=False.joblib
2025-07-21 21:53:13,864 - INFO - SVM model saved to project_root/models/svm__max_features=50000-ngram_range=1_2-stop_words=english-lowercase=True-use_idf=True-smooth_idf=True-sublinear_tf=False.joblib
2025-07-21 21:53:13,864 - INFO - Best SVM model saved with parameters: {'max_features': 50000, 'ngram_range': (1, 2), 'stop_words': 'english', 'lowercase': True, 'use_idf': True, 'smooth_idf': True, 'sublinear_tf': False}
2025-07-21 21:53:13,864 - INFO - Best SVM model saved with score: 0.595238
2025-07-21 21:53:13,864 - INFO - Selected the best encoder based on the evaluation.
2025-07-21 21:53:13,864 - INFO - Selected encoder: max_features=50000-ngram_range=1_2-stop_words=english-lowercase=True-use_idf=True-smooth_idf=True-sublinear_tf=False
2025-07-21 21:53:13,865 - INFO - Saving encoder to project_root/models/vectorizer__max_features=50000-ngram_range=1_2-stop_words=english-lowercase=True-use_idf=True-smooth_idf=True-sublinear_tf=False.joblib
2025-07-21 21:53:13,913 - INFO - Encoder saved to project_root/models/vectorizer__max_features=50000-ngram_range=1_2-stop_words=english-lowercase=True-use_idf=True-smooth_idf=True-sublinear_tf=False.joblib
2025-07-21 21:53:13,913 - INFO - Best encoder saved to project_root/models/vectorizer__max_features=50000-ngram_range=1_2-stop_words=english-lowercase=True-use_idf=True-smooth_idf=True-sublinear_tf=False.joblib
