2025-07-21 21:49:09,395 - INFO - Using existing spaCy model 'en_core_web_sm'.
2025-07-21 21:49:10,003 - INFO - Running in TEST mode (20 samples).
2025-07-21 21:49:10,003 - INFO - Test flag is set. Skipping full dataset download. Running only 20 samples.
2025-07-21 21:49:10,003 - INFO - Starting IMDb dataset download and preparation...
2025-07-21 21:49:10,003 - INFO - Output directory structure created at project_root/data/aclImdb
2025-07-21 21:49:27,589 - INFO - IMDb dataset loaded successfully.
2025-07-21 21:49:27,599 - INFO - Split ratio set to 80/20 for training and testing.
2025-07-21 21:49:27,599 - INFO - Number of training samples: 40000
2025-07-21 21:49:27,599 - INFO - Number of testing samples: 10000
2025-07-21 21:49:39,823 - INFO - Saved train and test splits to project_root/data/aclImdb
2025-07-21 21:49:51,479 - INFO - Zipped the dataset to project_root/data/aclImdb/aclImdb.zip
2025-07-21 21:49:51,480 - INFO - Loading datasets from project_root/data/aclImdb/train and project_root/data/aclImdb/test
2025-07-21 21:49:51,481 - INFO - Loading text files from project_root/data/aclImdb/train with test_mode=True and sample_count=20
2025-07-21 21:49:56,895 - INFO - Loaded 20 samples from project_root/data/aclImdb/train
2025-07-21 21:49:56,896 - INFO - Loading text files from project_root/data/aclImdb/test with test_mode=True and sample_count=20
2025-07-21 21:49:58,344 - INFO - Loaded 20 samples from project_root/data/aclImdb/test
2025-07-21 21:50:01,233 - INFO - Saving dataset to project_root/data/cleaned_txt for split 'train'
2025-07-21 21:50:01,234 - INFO - Created directory: project_root/data/cleaned_txt/train/neg
2025-07-21 21:50:01,234 - INFO - Created directory: project_root/data/cleaned_txt/train/pos
2025-07-21 21:50:01,236 - INFO - Saved 20 files to project_root/data/cleaned_txt/train
2025-07-21 21:50:01,236 - INFO - Saving dataset to project_root/data/cleaned_txt for split 'test'
2025-07-21 21:50:01,236 - INFO - Created directory: project_root/data/cleaned_txt/test/neg
2025-07-21 21:50:01,236 - INFO - Created directory: project_root/data/cleaned_txt/test/pos
2025-07-21 21:50:01,238 - INFO - Saved 20 files to project_root/data/cleaned_txt/test
2025-07-21 21:50:01,241 - INFO - Using TF-IDF parameters: {'max_features': [50000, 400000, 300000], 'ngram_range': [(1, 2), (1, 3), (2, 3)], 'stop_words': ['english'], 'lowercase': [True], 'use_idf': [True], 'smooth_idf': [True], 'sublinear_tf': [True, False]}
2025-07-21 21:50:01,241 - INFO - Fine-tuning encoder. Generating multiple encoded datasets with different parameters.
2025-07-21 21:50:01,241 - INFO - Generated 18 combinations of parameters for fine-tuning.
2025-07-21 21:50:01,241 - INFO - Encoding dataset with parameters: {'max_features': 50000, 'ngram_range': (1, 2), 'stop_words': 'english', 'lowercase': True, 'use_idf': True, 'smooth_idf': True, 'sublinear_tf': True}
2025-07-21 21:50:01,256 - INFO - Saving encoded dataset to project_root/data/IMBD_tfidf/encoded__max_features=50000-ngram_range=1_2-stop_words=english-lowercase=True-use_idf=True-smooth_idf=True-sublinear_tf=True.joblib
2025-07-21 21:50:01,302 - INFO - Saved encoded dataset to project_root/data/IMBD_tfidf/encoded__max_features=50000-ngram_range=1_2-stop_words=english-lowercase=True-use_idf=True-smooth_idf=True-sublinear_tf=True.joblib
2025-07-21 21:50:01,302 - INFO - Encoded dataset saved to project_root/data/IMBD_tfidf/encoded__max_features=50000-ngram_range=1_2-stop_words=english-lowercase=True-use_idf=True-smooth_idf=True-sublinear_tf=True.joblib
2025-07-21 21:50:01,303 - INFO - Encoding dataset with parameters: {'max_features': 50000, 'ngram_range': (1, 2), 'stop_words': 'english', 'lowercase': True, 'use_idf': True, 'smooth_idf': True, 'sublinear_tf': False}
2025-07-21 21:50:01,313 - INFO - Saving encoded dataset to project_root/data/IMBD_tfidf/encoded__max_features=50000-ngram_range=1_2-stop_words=english-lowercase=True-use_idf=True-smooth_idf=True-sublinear_tf=False.joblib
2025-07-21 21:50:01,360 - INFO - Saved encoded dataset to project_root/data/IMBD_tfidf/encoded__max_features=50000-ngram_range=1_2-stop_words=english-lowercase=True-use_idf=True-smooth_idf=True-sublinear_tf=False.joblib
2025-07-21 21:50:01,360 - INFO - Encoded dataset saved to project_root/data/IMBD_tfidf/encoded__max_features=50000-ngram_range=1_2-stop_words=english-lowercase=True-use_idf=True-smooth_idf=True-sublinear_tf=False.joblib
2025-07-21 21:50:01,360 - INFO - Encoding dataset with parameters: {'max_features': 50000, 'ngram_range': (1, 3), 'stop_words': 'english', 'lowercase': True, 'use_idf': True, 'smooth_idf': True, 'sublinear_tf': True}
2025-07-21 21:50:01,375 - INFO - Saving encoded dataset to project_root/data/IMBD_tfidf/encoded__max_features=50000-ngram_range=1_3-stop_words=english-lowercase=True-use_idf=True-smooth_idf=True-sublinear_tf=True.joblib
2025-07-21 21:50:01,450 - INFO - Saved encoded dataset to project_root/data/IMBD_tfidf/encoded__max_features=50000-ngram_range=1_3-stop_words=english-lowercase=True-use_idf=True-smooth_idf=True-sublinear_tf=True.joblib
2025-07-21 21:50:01,451 - INFO - Encoded dataset saved to project_root/data/IMBD_tfidf/encoded__max_features=50000-ngram_range=1_3-stop_words=english-lowercase=True-use_idf=True-smooth_idf=True-sublinear_tf=True.joblib
2025-07-21 21:50:01,451 - INFO - Encoding dataset with parameters: {'max_features': 50000, 'ngram_range': (1, 3), 'stop_words': 'english', 'lowercase': True, 'use_idf': True, 'smooth_idf': True, 'sublinear_tf': False}
2025-07-21 21:50:01,465 - INFO - Saving encoded dataset to project_root/data/IMBD_tfidf/encoded__max_features=50000-ngram_range=1_3-stop_words=english-lowercase=True-use_idf=True-smooth_idf=True-sublinear_tf=False.joblib
2025-07-21 21:50:01,541 - INFO - Saved encoded dataset to project_root/data/IMBD_tfidf/encoded__max_features=50000-ngram_range=1_3-stop_words=english-lowercase=True-use_idf=True-smooth_idf=True-sublinear_tf=False.joblib
2025-07-21 21:50:01,541 - INFO - Encoded dataset saved to project_root/data/IMBD_tfidf/encoded__max_features=50000-ngram_range=1_3-stop_words=english-lowercase=True-use_idf=True-smooth_idf=True-sublinear_tf=False.joblib
2025-07-21 21:50:01,541 - INFO - Encoding dataset with parameters: {'max_features': 50000, 'ngram_range': (2, 3), 'stop_words': 'english', 'lowercase': True, 'use_idf': True, 'smooth_idf': True, 'sublinear_tf': True}
2025-07-21 21:50:01,553 - INFO - Saving encoded dataset to project_root/data/IMBD_tfidf/encoded__max_features=50000-ngram_range=2_3-stop_words=english-lowercase=True-use_idf=True-smooth_idf=True-sublinear_tf=True.joblib
2025-07-21 21:50:01,612 - INFO - Saved encoded dataset to project_root/data/IMBD_tfidf/encoded__max_features=50000-ngram_range=2_3-stop_words=english-lowercase=True-use_idf=True-smooth_idf=True-sublinear_tf=True.joblib
2025-07-21 21:50:01,612 - INFO - Encoded dataset saved to project_root/data/IMBD_tfidf/encoded__max_features=50000-ngram_range=2_3-stop_words=english-lowercase=True-use_idf=True-smooth_idf=True-sublinear_tf=True.joblib
2025-07-21 21:50:01,612 - INFO - Encoding dataset with parameters: {'max_features': 50000, 'ngram_range': (2, 3), 'stop_words': 'english', 'lowercase': True, 'use_idf': True, 'smooth_idf': True, 'sublinear_tf': False}
2025-07-21 21:50:01,624 - INFO - Saving encoded dataset to project_root/data/IMBD_tfidf/encoded__max_features=50000-ngram_range=2_3-stop_words=english-lowercase=True-use_idf=True-smooth_idf=True-sublinear_tf=False.joblib
2025-07-21 21:50:01,682 - INFO - Saved encoded dataset to project_root/data/IMBD_tfidf/encoded__max_features=50000-ngram_range=2_3-stop_words=english-lowercase=True-use_idf=True-smooth_idf=True-sublinear_tf=False.joblib
2025-07-21 21:50:01,683 - INFO - Encoded dataset saved to project_root/data/IMBD_tfidf/encoded__max_features=50000-ngram_range=2_3-stop_words=english-lowercase=True-use_idf=True-smooth_idf=True-sublinear_tf=False.joblib
2025-07-21 21:50:01,683 - INFO - Encoding dataset with parameters: {'max_features': 400000, 'ngram_range': (1, 2), 'stop_words': 'english', 'lowercase': True, 'use_idf': True, 'smooth_idf': True, 'sublinear_tf': True}
2025-07-21 21:50:01,693 - INFO - Saving encoded dataset to project_root/data/IMBD_tfidf/encoded__max_features=400000-ngram_range=1_2-stop_words=english-lowercase=True-use_idf=True-smooth_idf=True-sublinear_tf=True.joblib
2025-07-21 21:50:01,739 - INFO - Saved encoded dataset to project_root/data/IMBD_tfidf/encoded__max_features=400000-ngram_range=1_2-stop_words=english-lowercase=True-use_idf=True-smooth_idf=True-sublinear_tf=True.joblib
2025-07-21 21:50:01,739 - INFO - Encoded dataset saved to project_root/data/IMBD_tfidf/encoded__max_features=400000-ngram_range=1_2-stop_words=english-lowercase=True-use_idf=True-smooth_idf=True-sublinear_tf=True.joblib
2025-07-21 21:50:01,740 - INFO - Encoding dataset with parameters: {'max_features': 400000, 'ngram_range': (1, 2), 'stop_words': 'english', 'lowercase': True, 'use_idf': True, 'smooth_idf': True, 'sublinear_tf': False}
2025-07-21 21:50:01,750 - INFO - Saving encoded dataset to project_root/data/IMBD_tfidf/encoded__max_features=400000-ngram_range=1_2-stop_words=english-lowercase=True-use_idf=True-smooth_idf=True-sublinear_tf=False.joblib
2025-07-21 21:50:01,797 - INFO - Saved encoded dataset to project_root/data/IMBD_tfidf/encoded__max_features=400000-ngram_range=1_2-stop_words=english-lowercase=True-use_idf=True-smooth_idf=True-sublinear_tf=False.joblib
2025-07-21 21:50:01,797 - INFO - Encoded dataset saved to project_root/data/IMBD_tfidf/encoded__max_features=400000-ngram_range=1_2-stop_words=english-lowercase=True-use_idf=True-smooth_idf=True-sublinear_tf=False.joblib
2025-07-21 21:50:01,797 - INFO - Encoding dataset with parameters: {'max_features': 400000, 'ngram_range': (1, 3), 'stop_words': 'english', 'lowercase': True, 'use_idf': True, 'smooth_idf': True, 'sublinear_tf': True}
2025-07-21 21:50:01,812 - INFO - Saving encoded dataset to project_root/data/IMBD_tfidf/encoded__max_features=400000-ngram_range=1_3-stop_words=english-lowercase=True-use_idf=True-smooth_idf=True-sublinear_tf=True.joblib
2025-07-21 21:50:01,887 - INFO - Saved encoded dataset to project_root/data/IMBD_tfidf/encoded__max_features=400000-ngram_range=1_3-stop_words=english-lowercase=True-use_idf=True-smooth_idf=True-sublinear_tf=True.joblib
2025-07-21 21:50:01,887 - INFO - Encoded dataset saved to project_root/data/IMBD_tfidf/encoded__max_features=400000-ngram_range=1_3-stop_words=english-lowercase=True-use_idf=True-smooth_idf=True-sublinear_tf=True.joblib
2025-07-21 21:50:01,887 - INFO - Encoding dataset with parameters: {'max_features': 400000, 'ngram_range': (1, 3), 'stop_words': 'english', 'lowercase': True, 'use_idf': True, 'smooth_idf': True, 'sublinear_tf': False}
2025-07-21 21:50:01,902 - INFO - Saving encoded dataset to project_root/data/IMBD_tfidf/encoded__max_features=400000-ngram_range=1_3-stop_words=english-lowercase=True-use_idf=True-smooth_idf=True-sublinear_tf=False.joblib
2025-07-21 21:50:01,977 - INFO - Saved encoded dataset to project_root/data/IMBD_tfidf/encoded__max_features=400000-ngram_range=1_3-stop_words=english-lowercase=True-use_idf=True-smooth_idf=True-sublinear_tf=False.joblib
2025-07-21 21:50:01,978 - INFO - Encoded dataset saved to project_root/data/IMBD_tfidf/encoded__max_features=400000-ngram_range=1_3-stop_words=english-lowercase=True-use_idf=True-smooth_idf=True-sublinear_tf=False.joblib
2025-07-21 21:50:01,978 - INFO - Encoding dataset with parameters: {'max_features': 400000, 'ngram_range': (2, 3), 'stop_words': 'english', 'lowercase': True, 'use_idf': True, 'smooth_idf': True, 'sublinear_tf': True}
2025-07-21 21:50:01,989 - INFO - Saving encoded dataset to project_root/data/IMBD_tfidf/encoded__max_features=400000-ngram_range=2_3-stop_words=english-lowercase=True-use_idf=True-smooth_idf=True-sublinear_tf=True.joblib
2025-07-21 21:50:02,048 - INFO - Saved encoded dataset to project_root/data/IMBD_tfidf/encoded__max_features=400000-ngram_range=2_3-stop_words=english-lowercase=True-use_idf=True-smooth_idf=True-sublinear_tf=True.joblib
2025-07-21 21:50:02,048 - INFO - Encoded dataset saved to project_root/data/IMBD_tfidf/encoded__max_features=400000-ngram_range=2_3-stop_words=english-lowercase=True-use_idf=True-smooth_idf=True-sublinear_tf=True.joblib
2025-07-21 21:50:02,048 - INFO - Encoding dataset with parameters: {'max_features': 400000, 'ngram_range': (2, 3), 'stop_words': 'english', 'lowercase': True, 'use_idf': True, 'smooth_idf': True, 'sublinear_tf': False}
2025-07-21 21:50:02,060 - INFO - Saving encoded dataset to project_root/data/IMBD_tfidf/encoded__max_features=400000-ngram_range=2_3-stop_words=english-lowercase=True-use_idf=True-smooth_idf=True-sublinear_tf=False.joblib
2025-07-21 21:50:02,119 - INFO - Saved encoded dataset to project_root/data/IMBD_tfidf/encoded__max_features=400000-ngram_range=2_3-stop_words=english-lowercase=True-use_idf=True-smooth_idf=True-sublinear_tf=False.joblib
2025-07-21 21:50:02,119 - INFO - Encoded dataset saved to project_root/data/IMBD_tfidf/encoded__max_features=400000-ngram_range=2_3-stop_words=english-lowercase=True-use_idf=True-smooth_idf=True-sublinear_tf=False.joblib
2025-07-21 21:50:02,119 - INFO - Encoding dataset with parameters: {'max_features': 300000, 'ngram_range': (1, 2), 'stop_words': 'english', 'lowercase': True, 'use_idf': True, 'smooth_idf': True, 'sublinear_tf': True}
2025-07-21 21:50:02,129 - INFO - Saving encoded dataset to project_root/data/IMBD_tfidf/encoded__max_features=300000-ngram_range=1_2-stop_words=english-lowercase=True-use_idf=True-smooth_idf=True-sublinear_tf=True.joblib
2025-07-21 21:50:02,177 - INFO - Saved encoded dataset to project_root/data/IMBD_tfidf/encoded__max_features=300000-ngram_range=1_2-stop_words=english-lowercase=True-use_idf=True-smooth_idf=True-sublinear_tf=True.joblib
2025-07-21 21:50:02,177 - INFO - Encoded dataset saved to project_root/data/IMBD_tfidf/encoded__max_features=300000-ngram_range=1_2-stop_words=english-lowercase=True-use_idf=True-smooth_idf=True-sublinear_tf=True.joblib
2025-07-21 21:50:02,177 - INFO - Encoding dataset with parameters: {'max_features': 300000, 'ngram_range': (1, 2), 'stop_words': 'english', 'lowercase': True, 'use_idf': True, 'smooth_idf': True, 'sublinear_tf': False}
2025-07-21 21:50:02,187 - INFO - Saving encoded dataset to project_root/data/IMBD_tfidf/encoded__max_features=300000-ngram_range=1_2-stop_words=english-lowercase=True-use_idf=True-smooth_idf=True-sublinear_tf=False.joblib
2025-07-21 21:50:02,234 - INFO - Saved encoded dataset to project_root/data/IMBD_tfidf/encoded__max_features=300000-ngram_range=1_2-stop_words=english-lowercase=True-use_idf=True-smooth_idf=True-sublinear_tf=False.joblib
2025-07-21 21:50:02,234 - INFO - Encoded dataset saved to project_root/data/IMBD_tfidf/encoded__max_features=300000-ngram_range=1_2-stop_words=english-lowercase=True-use_idf=True-smooth_idf=True-sublinear_tf=False.joblib
2025-07-21 21:50:02,234 - INFO - Encoding dataset with parameters: {'max_features': 300000, 'ngram_range': (1, 3), 'stop_words': 'english', 'lowercase': True, 'use_idf': True, 'smooth_idf': True, 'sublinear_tf': True}
2025-07-21 21:50:02,249 - INFO - Saving encoded dataset to project_root/data/IMBD_tfidf/encoded__max_features=300000-ngram_range=1_3-stop_words=english-lowercase=True-use_idf=True-smooth_idf=True-sublinear_tf=True.joblib
2025-07-21 21:50:02,325 - INFO - Saved encoded dataset to project_root/data/IMBD_tfidf/encoded__max_features=300000-ngram_range=1_3-stop_words=english-lowercase=True-use_idf=True-smooth_idf=True-sublinear_tf=True.joblib
2025-07-21 21:50:02,326 - INFO - Encoded dataset saved to project_root/data/IMBD_tfidf/encoded__max_features=300000-ngram_range=1_3-stop_words=english-lowercase=True-use_idf=True-smooth_idf=True-sublinear_tf=True.joblib
2025-07-21 21:50:02,326 - INFO - Encoding dataset with parameters: {'max_features': 300000, 'ngram_range': (1, 3), 'stop_words': 'english', 'lowercase': True, 'use_idf': True, 'smooth_idf': True, 'sublinear_tf': False}
2025-07-21 21:50:02,341 - INFO - Saving encoded dataset to project_root/data/IMBD_tfidf/encoded__max_features=300000-ngram_range=1_3-stop_words=english-lowercase=True-use_idf=True-smooth_idf=True-sublinear_tf=False.joblib
2025-07-21 21:50:02,417 - INFO - Saved encoded dataset to project_root/data/IMBD_tfidf/encoded__max_features=300000-ngram_range=1_3-stop_words=english-lowercase=True-use_idf=True-smooth_idf=True-sublinear_tf=False.joblib
2025-07-21 21:50:02,417 - INFO - Encoded dataset saved to project_root/data/IMBD_tfidf/encoded__max_features=300000-ngram_range=1_3-stop_words=english-lowercase=True-use_idf=True-smooth_idf=True-sublinear_tf=False.joblib
2025-07-21 21:50:02,417 - INFO - Encoding dataset with parameters: {'max_features': 300000, 'ngram_range': (2, 3), 'stop_words': 'english', 'lowercase': True, 'use_idf': True, 'smooth_idf': True, 'sublinear_tf': True}
2025-07-21 21:50:02,429 - INFO - Saving encoded dataset to project_root/data/IMBD_tfidf/encoded__max_features=300000-ngram_range=2_3-stop_words=english-lowercase=True-use_idf=True-smooth_idf=True-sublinear_tf=True.joblib
2025-07-21 21:50:02,488 - INFO - Saved encoded dataset to project_root/data/IMBD_tfidf/encoded__max_features=300000-ngram_range=2_3-stop_words=english-lowercase=True-use_idf=True-smooth_idf=True-sublinear_tf=True.joblib
2025-07-21 21:50:02,488 - INFO - Encoded dataset saved to project_root/data/IMBD_tfidf/encoded__max_features=300000-ngram_range=2_3-stop_words=english-lowercase=True-use_idf=True-smooth_idf=True-sublinear_tf=True.joblib
2025-07-21 21:50:02,488 - INFO - Encoding dataset with parameters: {'max_features': 300000, 'ngram_range': (2, 3), 'stop_words': 'english', 'lowercase': True, 'use_idf': True, 'smooth_idf': True, 'sublinear_tf': False}
2025-07-21 21:50:02,501 - INFO - Saving encoded dataset to project_root/data/IMBD_tfidf/encoded__max_features=300000-ngram_range=2_3-stop_words=english-lowercase=True-use_idf=True-smooth_idf=True-sublinear_tf=False.joblib
2025-07-21 21:50:02,560 - INFO - Saved encoded dataset to project_root/data/IMBD_tfidf/encoded__max_features=300000-ngram_range=2_3-stop_words=english-lowercase=True-use_idf=True-smooth_idf=True-sublinear_tf=False.joblib
2025-07-21 21:50:02,560 - INFO - Encoded dataset saved to project_root/data/IMBD_tfidf/encoded__max_features=300000-ngram_range=2_3-stop_words=english-lowercase=True-use_idf=True-smooth_idf=True-sublinear_tf=False.joblib
2025-07-21 21:50:02,560 - INFO - Fine-tuning encoder. Saving only the best model.
2025-07-21 21:50:02,560 - INFO - Training SVM model with params: {'max_features': 50000, 'ngram_range': (1, 2), 'stop_words': 'english', 'lowercase': True, 'use_idf': True, 'smooth_idf': True, 'sublinear_tf': True}
2025-07-21 21:50:02,560 - INFO - Starting SVM model training...
2025-07-21 21:50:02,561 - INFO - Initialized LinearSVC model.
2025-07-21 21:50:02,561 - INFO - Using parameter grid for Grid Search: {'C': [0.5, 1, 2], 'tol': [1e-05, 0.0001, 0.001], 'max_iter': [1000, 2000, 3000, 4000], 'class_weight': [None, 'balanced']}
2025-07-21 21:50:04,767 - INFO - Best parameters found: {'C': 0.5, 'class_weight': None, 'max_iter': 1000, 'tol': 1e-05}
2025-07-21 21:50:04,802 - INFO - Classification Report:
              precision    recall  f1-score   support

         neg       0.67      1.00      0.80        12
         pos       1.00      0.25      0.40         8

    accuracy                           0.70        20
   macro avg       0.83      0.62      0.60        20
weighted avg       0.80      0.70      0.64        20

2025-07-21 21:50:04,803 - INFO - Training SVM model with params: {'max_features': 50000, 'ngram_range': (1, 2), 'stop_words': 'english', 'lowercase': True, 'use_idf': True, 'smooth_idf': True, 'sublinear_tf': False}
2025-07-21 21:50:04,803 - INFO - Starting SVM model training...
2025-07-21 21:50:04,803 - INFO - Initialized LinearSVC model.
2025-07-21 21:50:04,803 - INFO - Using parameter grid for Grid Search: {'C': [0.5, 1, 2], 'tol': [1e-05, 0.0001, 0.001], 'max_iter': [1000, 2000, 3000, 4000], 'class_weight': [None, 'balanced']}
2025-07-21 21:50:04,945 - INFO - Best parameters found: {'C': 0.5, 'class_weight': 'balanced', 'max_iter': 1000, 'tol': 1e-05}
2025-07-21 21:50:04,949 - INFO - Classification Report:
              precision    recall  f1-score   support

         neg       0.71      0.83      0.77        12
         pos       0.67      0.50      0.57         8

    accuracy                           0.70        20
   macro avg       0.69      0.67      0.67        20
weighted avg       0.70      0.70      0.69        20

2025-07-21 21:50:04,950 - INFO - Training SVM model with params: {'max_features': 50000, 'ngram_range': (1, 3), 'stop_words': 'english', 'lowercase': True, 'use_idf': True, 'smooth_idf': True, 'sublinear_tf': True}
2025-07-21 21:50:04,950 - INFO - Starting SVM model training...
2025-07-21 21:50:04,951 - INFO - Initialized LinearSVC model.
2025-07-21 21:50:04,951 - INFO - Using parameter grid for Grid Search: {'C': [0.5, 1, 2], 'tol': [1e-05, 0.0001, 0.001], 'max_iter': [1000, 2000, 3000, 4000], 'class_weight': [None, 'balanced']}
2025-07-21 21:50:05,095 - INFO - Best parameters found: {'C': 0.5, 'class_weight': None, 'max_iter': 1000, 'tol': 1e-05}
2025-07-21 21:50:05,100 - INFO - Classification Report:
              precision    recall  f1-score   support

         neg       0.63      1.00      0.77        12
         pos       1.00      0.12      0.22         8

    accuracy                           0.65        20
   macro avg       0.82      0.56      0.50        20
weighted avg       0.78      0.65      0.55        20

2025-07-21 21:50:05,100 - INFO - Training SVM model with params: {'max_features': 50000, 'ngram_range': (1, 3), 'stop_words': 'english', 'lowercase': True, 'use_idf': True, 'smooth_idf': True, 'sublinear_tf': False}
2025-07-21 21:50:05,100 - INFO - Starting SVM model training...
2025-07-21 21:50:05,100 - INFO - Initialized LinearSVC model.
2025-07-21 21:50:05,100 - INFO - Using parameter grid for Grid Search: {'C': [0.5, 1, 2], 'tol': [1e-05, 0.0001, 0.001], 'max_iter': [1000, 2000, 3000, 4000], 'class_weight': [None, 'balanced']}
2025-07-21 21:50:05,236 - INFO - Best parameters found: {'C': 0.5, 'class_weight': None, 'max_iter': 1000, 'tol': 1e-05}
2025-07-21 21:50:05,241 - INFO - Classification Report:
              precision    recall  f1-score   support

         neg       0.63      1.00      0.77        12
         pos       1.00      0.12      0.22         8

    accuracy                           0.65        20
   macro avg       0.82      0.56      0.50        20
weighted avg       0.78      0.65      0.55        20

2025-07-21 21:50:05,241 - INFO - Training SVM model with params: {'max_features': 50000, 'ngram_range': (2, 3), 'stop_words': 'english', 'lowercase': True, 'use_idf': True, 'smooth_idf': True, 'sublinear_tf': True}
2025-07-21 21:50:05,241 - INFO - Starting SVM model training...
2025-07-21 21:50:05,241 - INFO - Initialized LinearSVC model.
2025-07-21 21:50:05,242 - INFO - Using parameter grid for Grid Search: {'C': [0.5, 1, 2], 'tol': [1e-05, 0.0001, 0.001], 'max_iter': [1000, 2000, 3000, 4000], 'class_weight': [None, 'balanced']}
2025-07-21 21:50:05,349 - INFO - Best parameters found: {'C': 0.5, 'class_weight': None, 'max_iter': 1000, 'tol': 1e-05}
2025-07-21 21:50:05,353 - INFO - Classification Report:
              precision    recall  f1-score   support

         neg       0.65      0.92      0.76        12
         pos       0.67      0.25      0.36         8

    accuracy                           0.65        20
   macro avg       0.66      0.58      0.56        20
weighted avg       0.65      0.65      0.60        20

2025-07-21 21:50:05,353 - INFO - Training SVM model with params: {'max_features': 50000, 'ngram_range': (2, 3), 'stop_words': 'english', 'lowercase': True, 'use_idf': True, 'smooth_idf': True, 'sublinear_tf': False}
2025-07-21 21:50:05,354 - INFO - Starting SVM model training...
2025-07-21 21:50:05,354 - INFO - Initialized LinearSVC model.
2025-07-21 21:50:05,354 - INFO - Using parameter grid for Grid Search: {'C': [0.5, 1, 2], 'tol': [1e-05, 0.0001, 0.001], 'max_iter': [1000, 2000, 3000, 4000], 'class_weight': [None, 'balanced']}
2025-07-21 21:50:05,456 - INFO - Best parameters found: {'C': 0.5, 'class_weight': None, 'max_iter': 1000, 'tol': 1e-05}
2025-07-21 21:50:05,460 - INFO - Classification Report:
              precision    recall  f1-score   support

         neg       0.65      0.92      0.76        12
         pos       0.67      0.25      0.36         8

    accuracy                           0.65        20
   macro avg       0.66      0.58      0.56        20
weighted avg       0.65      0.65      0.60        20

2025-07-21 21:50:05,460 - INFO - Training SVM model with params: {'max_features': 400000, 'ngram_range': (1, 2), 'stop_words': 'english', 'lowercase': True, 'use_idf': True, 'smooth_idf': True, 'sublinear_tf': True}
2025-07-21 21:50:05,461 - INFO - Starting SVM model training...
2025-07-21 21:50:05,461 - INFO - Initialized LinearSVC model.
2025-07-21 21:50:05,461 - INFO - Using parameter grid for Grid Search: {'C': [0.5, 1, 2], 'tol': [1e-05, 0.0001, 0.001], 'max_iter': [1000, 2000, 3000, 4000], 'class_weight': [None, 'balanced']}
2025-07-21 21:50:05,555 - INFO - Best parameters found: {'C': 0.5, 'class_weight': None, 'max_iter': 1000, 'tol': 1e-05}
2025-07-21 21:50:05,559 - INFO - Classification Report:
              precision    recall  f1-score   support

         neg       0.67      1.00      0.80        12
         pos       1.00      0.25      0.40         8

    accuracy                           0.70        20
   macro avg       0.83      0.62      0.60        20
weighted avg       0.80      0.70      0.64        20

2025-07-21 21:50:05,559 - INFO - Training SVM model with params: {'max_features': 400000, 'ngram_range': (1, 2), 'stop_words': 'english', 'lowercase': True, 'use_idf': True, 'smooth_idf': True, 'sublinear_tf': False}
2025-07-21 21:50:05,560 - INFO - Starting SVM model training...
2025-07-21 21:50:05,560 - INFO - Initialized LinearSVC model.
2025-07-21 21:50:05,560 - INFO - Using parameter grid for Grid Search: {'C': [0.5, 1, 2], 'tol': [1e-05, 0.0001, 0.001], 'max_iter': [1000, 2000, 3000, 4000], 'class_weight': [None, 'balanced']}
2025-07-21 21:50:05,723 - INFO - Best parameters found: {'C': 0.5, 'class_weight': 'balanced', 'max_iter': 1000, 'tol': 1e-05}
2025-07-21 21:50:05,727 - INFO - Classification Report:
              precision    recall  f1-score   support

         neg       0.71      0.83      0.77        12
         pos       0.67      0.50      0.57         8

    accuracy                           0.70        20
   macro avg       0.69      0.67      0.67        20
weighted avg       0.70      0.70      0.69        20

2025-07-21 21:50:05,727 - INFO - Training SVM model with params: {'max_features': 400000, 'ngram_range': (1, 3), 'stop_words': 'english', 'lowercase': True, 'use_idf': True, 'smooth_idf': True, 'sublinear_tf': True}
2025-07-21 21:50:05,727 - INFO - Starting SVM model training...
2025-07-21 21:50:05,727 - INFO - Initialized LinearSVC model.
2025-07-21 21:50:05,728 - INFO - Using parameter grid for Grid Search: {'C': [0.5, 1, 2], 'tol': [1e-05, 0.0001, 0.001], 'max_iter': [1000, 2000, 3000, 4000], 'class_weight': [None, 'balanced']}
2025-07-21 21:50:05,843 - INFO - Best parameters found: {'C': 0.5, 'class_weight': None, 'max_iter': 1000, 'tol': 1e-05}
2025-07-21 21:50:05,847 - INFO - Classification Report:
              precision    recall  f1-score   support

         neg       0.63      1.00      0.77        12
         pos       1.00      0.12      0.22         8

    accuracy                           0.65        20
   macro avg       0.82      0.56      0.50        20
weighted avg       0.78      0.65      0.55        20

2025-07-21 21:50:05,847 - INFO - Training SVM model with params: {'max_features': 400000, 'ngram_range': (1, 3), 'stop_words': 'english', 'lowercase': True, 'use_idf': True, 'smooth_idf': True, 'sublinear_tf': False}
2025-07-21 21:50:05,847 - INFO - Starting SVM model training...
2025-07-21 21:50:05,847 - INFO - Initialized LinearSVC model.
2025-07-21 21:50:05,848 - INFO - Using parameter grid for Grid Search: {'C': [0.5, 1, 2], 'tol': [1e-05, 0.0001, 0.001], 'max_iter': [1000, 2000, 3000, 4000], 'class_weight': [None, 'balanced']}
2025-07-21 21:50:05,954 - INFO - Best parameters found: {'C': 0.5, 'class_weight': None, 'max_iter': 1000, 'tol': 1e-05}
2025-07-21 21:50:05,958 - INFO - Classification Report:
              precision    recall  f1-score   support

         neg       0.63      1.00      0.77        12
         pos       1.00      0.12      0.22         8

    accuracy                           0.65        20
   macro avg       0.82      0.56      0.50        20
weighted avg       0.78      0.65      0.55        20

2025-07-21 21:50:05,958 - INFO - Training SVM model with params: {'max_features': 400000, 'ngram_range': (2, 3), 'stop_words': 'english', 'lowercase': True, 'use_idf': True, 'smooth_idf': True, 'sublinear_tf': True}
2025-07-21 21:50:05,959 - INFO - Starting SVM model training...
2025-07-21 21:50:05,959 - INFO - Initialized LinearSVC model.
2025-07-21 21:50:05,959 - INFO - Using parameter grid for Grid Search: {'C': [0.5, 1, 2], 'tol': [1e-05, 0.0001, 0.001], 'max_iter': [1000, 2000, 3000, 4000], 'class_weight': [None, 'balanced']}
2025-07-21 21:50:06,059 - INFO - Best parameters found: {'C': 0.5, 'class_weight': None, 'max_iter': 1000, 'tol': 1e-05}
2025-07-21 21:50:06,063 - INFO - Classification Report:
              precision    recall  f1-score   support

         neg       0.65      0.92      0.76        12
         pos       0.67      0.25      0.36         8

    accuracy                           0.65        20
   macro avg       0.66      0.58      0.56        20
weighted avg       0.65      0.65      0.60        20

2025-07-21 21:50:06,063 - INFO - Training SVM model with params: {'max_features': 400000, 'ngram_range': (2, 3), 'stop_words': 'english', 'lowercase': True, 'use_idf': True, 'smooth_idf': True, 'sublinear_tf': False}
2025-07-21 21:50:06,063 - INFO - Starting SVM model training...
2025-07-21 21:50:06,063 - INFO - Initialized LinearSVC model.
2025-07-21 21:50:06,063 - INFO - Using parameter grid for Grid Search: {'C': [0.5, 1, 2], 'tol': [1e-05, 0.0001, 0.001], 'max_iter': [1000, 2000, 3000, 4000], 'class_weight': [None, 'balanced']}
2025-07-21 21:50:06,162 - INFO - Best parameters found: {'C': 0.5, 'class_weight': None, 'max_iter': 1000, 'tol': 1e-05}
2025-07-21 21:50:06,166 - INFO - Classification Report:
              precision    recall  f1-score   support

         neg       0.65      0.92      0.76        12
         pos       0.67      0.25      0.36         8

    accuracy                           0.65        20
   macro avg       0.66      0.58      0.56        20
weighted avg       0.65      0.65      0.60        20

2025-07-21 21:50:06,167 - INFO - Training SVM model with params: {'max_features': 300000, 'ngram_range': (1, 2), 'stop_words': 'english', 'lowercase': True, 'use_idf': True, 'smooth_idf': True, 'sublinear_tf': True}
2025-07-21 21:50:06,167 - INFO - Starting SVM model training...
2025-07-21 21:50:06,167 - INFO - Initialized LinearSVC model.
2025-07-21 21:50:06,167 - INFO - Using parameter grid for Grid Search: {'C': [0.5, 1, 2], 'tol': [1e-05, 0.0001, 0.001], 'max_iter': [1000, 2000, 3000, 4000], 'class_weight': [None, 'balanced']}
2025-07-21 21:50:06,267 - INFO - Best parameters found: {'C': 0.5, 'class_weight': None, 'max_iter': 1000, 'tol': 1e-05}
2025-07-21 21:50:06,270 - INFO - Classification Report:
              precision    recall  f1-score   support

         neg       0.67      1.00      0.80        12
         pos       1.00      0.25      0.40         8

    accuracy                           0.70        20
   macro avg       0.83      0.62      0.60        20
weighted avg       0.80      0.70      0.64        20

2025-07-21 21:50:06,271 - INFO - Training SVM model with params: {'max_features': 300000, 'ngram_range': (1, 2), 'stop_words': 'english', 'lowercase': True, 'use_idf': True, 'smooth_idf': True, 'sublinear_tf': False}
2025-07-21 21:50:06,271 - INFO - Starting SVM model training...
2025-07-21 21:50:06,271 - INFO - Initialized LinearSVC model.
2025-07-21 21:50:06,271 - INFO - Using parameter grid for Grid Search: {'C': [0.5, 1, 2], 'tol': [1e-05, 0.0001, 0.001], 'max_iter': [1000, 2000, 3000, 4000], 'class_weight': [None, 'balanced']}
2025-07-21 21:50:06,362 - INFO - Best parameters found: {'C': 0.5, 'class_weight': 'balanced', 'max_iter': 1000, 'tol': 1e-05}
2025-07-21 21:50:06,365 - INFO - Classification Report:
              precision    recall  f1-score   support

         neg       0.71      0.83      0.77        12
         pos       0.67      0.50      0.57         8

    accuracy                           0.70        20
   macro avg       0.69      0.67      0.67        20
weighted avg       0.70      0.70      0.69        20

2025-07-21 21:50:06,366 - INFO - Training SVM model with params: {'max_features': 300000, 'ngram_range': (1, 3), 'stop_words': 'english', 'lowercase': True, 'use_idf': True, 'smooth_idf': True, 'sublinear_tf': True}
2025-07-21 21:50:06,366 - INFO - Starting SVM model training...
2025-07-21 21:50:06,366 - INFO - Initialized LinearSVC model.
2025-07-21 21:50:06,366 - INFO - Using parameter grid for Grid Search: {'C': [0.5, 1, 2], 'tol': [1e-05, 0.0001, 0.001], 'max_iter': [1000, 2000, 3000, 4000], 'class_weight': [None, 'balanced']}
2025-07-21 21:50:06,475 - INFO - Best parameters found: {'C': 0.5, 'class_weight': None, 'max_iter': 1000, 'tol': 1e-05}
2025-07-21 21:50:06,479 - INFO - Classification Report:
              precision    recall  f1-score   support

         neg       0.63      1.00      0.77        12
         pos       1.00      0.12      0.22         8

    accuracy                           0.65        20
   macro avg       0.82      0.56      0.50        20
weighted avg       0.78      0.65      0.55        20

2025-07-21 21:50:06,479 - INFO - Training SVM model with params: {'max_features': 300000, 'ngram_range': (1, 3), 'stop_words': 'english', 'lowercase': True, 'use_idf': True, 'smooth_idf': True, 'sublinear_tf': False}
2025-07-21 21:50:06,480 - INFO - Starting SVM model training...
2025-07-21 21:50:06,480 - INFO - Initialized LinearSVC model.
2025-07-21 21:50:06,480 - INFO - Using parameter grid for Grid Search: {'C': [0.5, 1, 2], 'tol': [1e-05, 0.0001, 0.001], 'max_iter': [1000, 2000, 3000, 4000], 'class_weight': [None, 'balanced']}
2025-07-21 21:50:06,574 - INFO - Best parameters found: {'C': 0.5, 'class_weight': None, 'max_iter': 1000, 'tol': 1e-05}
2025-07-21 21:50:06,578 - INFO - Classification Report:
              precision    recall  f1-score   support

         neg       0.63      1.00      0.77        12
         pos       1.00      0.12      0.22         8

    accuracy                           0.65        20
   macro avg       0.82      0.56      0.50        20
weighted avg       0.78      0.65      0.55        20

2025-07-21 21:50:06,578 - INFO - Training SVM model with params: {'max_features': 300000, 'ngram_range': (2, 3), 'stop_words': 'english', 'lowercase': True, 'use_idf': True, 'smooth_idf': True, 'sublinear_tf': True}
2025-07-21 21:50:06,579 - INFO - Starting SVM model training...
2025-07-21 21:50:06,579 - INFO - Initialized LinearSVC model.
2025-07-21 21:50:06,579 - INFO - Using parameter grid for Grid Search: {'C': [0.5, 1, 2], 'tol': [1e-05, 0.0001, 0.001], 'max_iter': [1000, 2000, 3000, 4000], 'class_weight': [None, 'balanced']}
2025-07-21 21:50:06,685 - INFO - Best parameters found: {'C': 0.5, 'class_weight': None, 'max_iter': 1000, 'tol': 1e-05}
2025-07-21 21:50:06,690 - INFO - Classification Report:
              precision    recall  f1-score   support

         neg       0.65      0.92      0.76        12
         pos       0.67      0.25      0.36         8

    accuracy                           0.65        20
   macro avg       0.66      0.58      0.56        20
weighted avg       0.65      0.65      0.60        20

2025-07-21 21:50:06,690 - INFO - Training SVM model with params: {'max_features': 300000, 'ngram_range': (2, 3), 'stop_words': 'english', 'lowercase': True, 'use_idf': True, 'smooth_idf': True, 'sublinear_tf': False}
2025-07-21 21:50:06,690 - INFO - Starting SVM model training...
2025-07-21 21:50:06,690 - INFO - Initialized LinearSVC model.
2025-07-21 21:50:06,690 - INFO - Using parameter grid for Grid Search: {'C': [0.5, 1, 2], 'tol': [1e-05, 0.0001, 0.001], 'max_iter': [1000, 2000, 3000, 4000], 'class_weight': [None, 'balanced']}
2025-07-21 21:50:06,814 - INFO - Best parameters found: {'C': 0.5, 'class_weight': None, 'max_iter': 1000, 'tol': 1e-05}
2025-07-21 21:50:06,818 - INFO - Classification Report:
              precision    recall  f1-score   support

         neg       0.65      0.92      0.76        12
         pos       0.67      0.25      0.36         8

    accuracy                           0.65        20
   macro avg       0.66      0.58      0.56        20
weighted avg       0.65      0.65      0.60        20

2025-07-21 21:50:06,818 - INFO - Saving SVM model to project_root/models/svm__max_features=50000-ngram_range=1_2-stop_words=english-lowercase=True-use_idf=True-smooth_idf=True-sublinear_tf=False.joblib
2025-07-21 21:50:06,819 - INFO - SVM model saved to project_root/models/svm__max_features=50000-ngram_range=1_2-stop_words=english-lowercase=True-use_idf=True-smooth_idf=True-sublinear_tf=False.joblib
2025-07-21 21:50:06,819 - INFO - Best SVM model saved with parameters: {'max_features': 50000, 'ngram_range': (1, 2), 'stop_words': 'english', 'lowercase': True, 'use_idf': True, 'smooth_idf': True, 'sublinear_tf': False}
2025-07-21 21:50:06,819 - INFO - Best SVM model saved with score: 0.595238
2025-07-21 21:50:06,820 - INFO - Selected the best encoder based on the evaluation.
2025-07-21 21:50:06,820 - INFO - Selected encoder: max_features=50000-ngram_range=1_2-stop_words=english-lowercase=True-use_idf=True-smooth_idf=True-sublinear_tf=False
